<?xml version="1.0" encoding="UTF-8"?>
<testsuite xmlns:xsi="http://www.w3.org/2001/XMLSchema-instance" xsi:noNamespaceSchemaLocation="https://maven.apache.org/surefire/maven-surefire-plugin/xsd/surefire-test-report-3.0.xsd" version="3.0" name="PuzzleTest" time="4.075" tests="35" errors="0" skipped="0" failures="0">
  <properties>
    <property name="java.specification.version" value="21"/>
    <property name="sun.jnu.encoding" value="UTF-8"/>
    <property name="sun.awt.enableExtraMouseButtons" value="true"/>
    <property name="java.class.path" value="/home/andr3xc/dev/Tilting-Tiles/target/test-classes:/home/andr3xc/dev/Tilting-Tiles/target/classes:/home/andr3xc/.m2/repository/org/junit/jupiter/junit-jupiter-api/5.8.1/junit-jupiter-api-5.8.1.jar:/home/andr3xc/.m2/repository/org/opentest4j/opentest4j/1.2.0/opentest4j-1.2.0.jar:/home/andr3xc/.m2/repository/org/junit/platform/junit-platform-commons/1.8.1/junit-platform-commons-1.8.1.jar:/home/andr3xc/.m2/repository/org/apiguardian/apiguardian-api/1.1.2/apiguardian-api-1.1.2.jar:"/>
    <property name="java.vm.vendor" value="Arch Linux"/>
    <property name="sun.arch.data.model" value="64"/>
    <property name="java.vendor.url" value="https://openjdk.org/"/>
    <property name="os.name" value="Linux"/>
    <property name="java.vm.specification.version" value="21"/>
    <property name="sun.java.launcher" value="SUN_STANDARD"/>
    <property name="user.country" value="CO"/>
    <property name="sun.boot.library.path" value="/usr/lib/jvm/java-21-openjdk/lib"/>
    <property name="sun.java.command" value="/home/andr3xc/dev/Tilting-Tiles/target/surefire/surefirebooter-20241106015111951_3.jar /home/andr3xc/dev/Tilting-Tiles/target/surefire 2024-11-06T01-51-11_866-jvmRun1 surefire-20241106015111951_1tmp surefire_0-20241106015111951_2tmp"/>
    <property name="jdk.debug" value="release"/>
    <property name="surefire.test.class.path" value="/home/andr3xc/dev/Tilting-Tiles/target/test-classes:/home/andr3xc/dev/Tilting-Tiles/target/classes:/home/andr3xc/.m2/repository/org/junit/jupiter/junit-jupiter-api/5.8.1/junit-jupiter-api-5.8.1.jar:/home/andr3xc/.m2/repository/org/opentest4j/opentest4j/1.2.0/opentest4j-1.2.0.jar:/home/andr3xc/.m2/repository/org/junit/platform/junit-platform-commons/1.8.1/junit-platform-commons-1.8.1.jar:/home/andr3xc/.m2/repository/org/apiguardian/apiguardian-api/1.1.2/apiguardian-api-1.1.2.jar:"/>
    <property name="sun.cpu.endian" value="little"/>
    <property name="user.home" value="/home/andr3xc"/>
    <property name="user.language" value="es"/>
    <property name="java.specification.vendor" value="Oracle Corporation"/>
    <property name="java.version.date" value="2024-10-15"/>
    <property name="java.home" value="/usr/lib/jvm/java-21-openjdk"/>
    <property name="file.separator" value="/"/>
    <property name="basedir" value="/home/andr3xc/dev/Tilting-Tiles"/>
    <property name="java.vm.compressedOopsMode" value="32-bit"/>
    <property name="line.separator" value="&#10;"/>
    <property name="java.specification.name" value="Java Platform API Specification"/>
    <property name="java.vm.specification.vendor" value="Oracle Corporation"/>
    <property name="surefire.real.class.path" value="/home/andr3xc/dev/Tilting-Tiles/target/surefire/surefirebooter-20241106015111951_3.jar"/>
    <property name="sun.management.compiler" value="HotSpot 64-Bit Tiered Compilers"/>
    <property name="java.runtime.version" value="21.0.5+11"/>
    <property name="user.name" value="andr3xc"/>
    <property name="stdout.encoding" value="UTF-8"/>
    <property name="path.separator" value=":"/>
    <property name="os.version" value="6.11.5-arch1-1"/>
    <property name="java.runtime.name" value="OpenJDK Runtime Environment"/>
    <property name="file.encoding" value="UTF-8"/>
    <property name="java.vm.name" value="OpenJDK 64-Bit Server VM"/>
    <property name="localRepository" value="/home/andr3xc/.m2/repository"/>
    <property name="java.vendor.url.bug" value="https://bugreport.java.com/bugreport/"/>
    <property name="java.io.tmpdir" value="/tmp"/>
    <property name="java.version" value="21.0.5"/>
    <property name="user.dir" value="/home/andr3xc/dev/Tilting-Tiles"/>
    <property name="os.arch" value="amd64"/>
    <property name="java.vm.specification.name" value="Java Virtual Machine Specification"/>
    <property name="native.encoding" value="UTF-8"/>
    <property name="java.library.path" value="/usr/java/packages/lib:/usr/lib64:/lib64:/lib:/usr/lib"/>
    <property name="java.vm.info" value="mixed mode, sharing"/>
    <property name="stderr.encoding" value="UTF-8"/>
    <property name="java.vendor" value="Arch Linux"/>
    <property name="java.vm.version" value="21.0.5+11"/>
    <property name="sun.io.unicode.encoding" value="UnicodeLittle"/>
    <property name="java.class.version" value="65.0"/>
  </properties>
  <testcase name="shouldTiltPuzzle" classname="PuzzleTest" time="0.366"/>
  <testcase name="shouldWorkFreelanceTile" classname="PuzzleTest" time="0.13"/>
  <testcase name="shouldNotInsertTile" classname="PuzzleTest" time="0.068"/>
  <testcase name="shouldIsGoal" classname="PuzzleTest" time="0.099">
    <system-out><![CDATA[The goal was reached
]]></system-out>
  </testcase>
  <testcase name="shouldNotWorkRoughTile" classname="PuzzleTest" time="0.148"/>
  <testcase name="shouldWorkRoughTile" classname="PuzzleTest" time="0.219"/>
  <testcase name="shouldNotWorkFlyingTile" classname="PuzzleTest" time="0.075"/>
  <testcase name="shouldWorkFlyingTile" classname="PuzzleTest" time="0.321"/>
  <testcase name="shouldWorkTemporalTile" classname="PuzzleTest" time="0.159">
    <system-out><![CDATA[Lives: 0
]]></system-out>
  </testcase>
  <testcase name="shouldAddGlue" classname="PuzzleTest" time="0.189"/>
  <testcase name="shouldMakeInvisible" classname="PuzzleTest" time="0.118"/>
  <testcase name="shouldMakeHole" classname="PuzzleTest" time="0.132"/>
  <testcase name="shouldNotDeleteGlue" classname="PuzzleTest" time="0.153"/>
  <testcase name="shouldNotDeleteTile" classname="PuzzleTest" time="0.079"/>
  <testcase name="shouldNotRelocateTile" classname="PuzzleTest" time="0.079"/>
  <testcase name="shouldInsertTile" classname="PuzzleTest" time="0.095"/>
  <testcase name="shouldNotWorkFixedTile" classname="PuzzleTest" time="0.069"/>
  <testcase name="shouldWorkFixedTile" classname="PuzzleTest" time="0.221"/>
  <testcase name="shouldNotWorkFreelanceTile" classname="PuzzleTest" time="0.066"/>
  <testcase name="shouldNotWorkTemporalTile" classname="PuzzleTest" time="0.065"/>
  <testcase name="shouldRelocateTile" classname="PuzzleTest" time="0.078"/>
  <testcase name="shouldDeleteGlue" classname="PuzzleTest" time="0.13"/>
  <testcase name="shouldDeleteTile" classname="PuzzleTest" time="0.067"/>
  <testcase name="shouldNotAddGlue" classname="PuzzleTest" time="0.076"/>
  <testcase name="shouldNotCreatePuzzle1" classname="PuzzleTest" time="0.001"/>
  <testcase name="shouldNotCreatePuzzle3" classname="PuzzleTest" time="0.088"/>
  <testcase name="shouldCreatePuzzle1" classname="PuzzleTest" time="0.054"/>
  <testcase name="shouldCreatePuzzle2" classname="PuzzleTest" time="0.056"/>
  <testcase name="shouldCreatePuzzle3" classname="PuzzleTest" time="0.087"/>
  <testcase name="shouldIsNotGoal" classname="PuzzleTest" time="0.097"/>
  <testcase name="shouldNotMakeHole" classname="PuzzleTest" time="0.065"/>
  <testcase name="shouldNotMisplacedTiles" classname="PuzzleTest" time="0.086"/>
  <testcase name="shouldMisplacedTiles" classname="PuzzleTest" time="0.077"/>
  <testcase name="shouldCreatePuzzle2E" classname="PuzzleTest" time="0.055"/>
  <testcase name="shouldMakeVisible" classname="PuzzleTest" time="0.086"/>
</testsuite>